# JRE version: OpenJDK Runtime Environment Corretto-11.0.17.8.1 (11.0.17+8) (build 11.0.17+8-LTS)
# Java VM: OpenJDK 64-Bit Server VM Corretto-11.0.17.8.1 (11.0.17+8-LTS, mixed mode, tiered, compressed oops, g1 gc, windows-amd64)
Heap:
 garbage-first heap   total 262144K, used 222069K [0x00000000e0000000, 0x0000000100000000)
  region size 1024K, 47 young (48128K), 7 survivors (7168K)
 Metaspace       used 99931K, capacity 103138K, committed 103472K, reserved 344064K
  class space    used 12222K, capacity 13336K, committed 13440K, reserved 253952K
GC Heap History (20 events):
Event: 3077.890 GC heap before
{Heap before GC invocations=37 (full 0):
 garbage-first heap   total 262144K, used 221915K [0x00000000e0000000, 0x0000000100000000)
  region size 1024K, 51 young (52224K), 2 survivors (2048K)
 Metaspace       used 87732K, capacity 90527K, committed 91440K, reserved 333824K
  class space    used 10697K, capacity 11702K, committed 11904K, reserved 253952K
}
Event: 3077.894 GC heap after
{Heap after GC invocations=38 (full 0):
 garbage-first heap   total 262144K, used 176444K [0x00000000e0000000, 0x0000000100000000)
  region size 1024K, 5 young (5120K), 5 survivors (5120K)
 Metaspace       used 87732K, capacity 90527K, committed 91440K, reserved 333824K
  class space    used 10697K, capacity 11702K, committed 11904K, reserved 253952K
}
Event: 3078.298 GC heap before
{Heap before GC invocations=39 (full 0):
 garbage-first heap   total 262144K, used 222524K [0x00000000e0000000, 0x0000000100000000)
  region size 1024K, 51 young (52224K), 5 survivors (5120K)
 Metaspace       used 88715K, capacity 91398K, committed 91952K, reserved 335872K
  class space    used 10880K, capacity 11857K, committed 11904K, reserved 253952K
}
Event: 3078.300 GC heap after
{Heap after GC invocations=40 (full 0):
 garbage-first heap   total 262144K, used 179222K [0x00000000e0000000, 0x0000000100000000)
  region size 1024K, 3 young (3072K), 3 survivors (3072K)
 Metaspace       used 88715K, capacity 91398K, committed 91952K, reserved 335872K
  class space    used 10880K, capacity 11857K, committed 11904K, reserved 253952K
}
Event: 3078.327 GC heap before
{Heap before GC invocations=40 (full 0):
 garbage-first heap   total 262144K, used 187414K [0x00000000e0000000, 0x0000000100000000)
  region size 1024K, 12 young (12288K), 3 survivors (3072K)
 Metaspace       used 88716K, capacity 91398K, committed 91952K, reserved 335872K
  class space    used 10880K, capacity 11857K, committed 11904K, reserved 253952K
}
Event: 3078.330 GC heap after
{Heap after GC invocations=41 (full 0):
 garbage-first heap   total 262144K, used 172557K [0x00000000e0000000, 0x0000000100000000)
  region size 1024K, 1 young (1024K), 1 survivors (1024K)
 Metaspace       used 88716K, capacity 91398K, committed 91952K, reserved 335872K
  class space    used 10880K, capacity 11857K, committed 11904K, reserved 253952K
}
Event: 3078.515 GC heap before
{Heap before GC invocations=41 (full 0):
 garbage-first heap   total 262144K, used 220685K [0x00000000e0000000, 0x0000000100000000)
  region size 1024K, 49 young (50176K), 1 survivors (1024K)
 Metaspace       used 89033K, capacity 91705K, committed 92336K, reserved 335872K
  class space    used 10902K, capacity 11891K, committed 12032K, reserved 253952K
}
Event: 3078.518 GC heap after
{Heap after GC invocations=42 (full 0):
 garbage-first heap   total 262144K, used 173872K [0x00000000e0000000, 0x0000000100000000)
  region size 1024K, 3 young (3072K), 3 survivors (3072K)
 Metaspace       used 89033K, capacity 91705K, committed 92336K, reserved 335872K
  class space    used 10902K, capacity 11891K, committed 12032K, reserved 253952K
}
Event: 3078.659 GC heap before
{Heap before GC invocations=43 (full 0):
 garbage-first heap   total 262144K, used 223024K [0x00000000e0000000, 0x0000000100000000)
  region size 1024K, 51 young (52224K), 3 survivors (3072K)
 Metaspace       used 89034K, capacity 91687K, committed 92336K, reserved 335872K
  class space    used 10900K, capacity 11888K, committed 12032K, reserved 253952K
}
Event: 3078.660 GC heap after
{Heap after GC invocations=44 (full 0):
 garbage-first heap   total 262144K, used 174165K [0x00000000e0000000, 0x0000000100000000)
  region size 1024K, 3 young (3072K), 3 survivors (3072K)
 Metaspace       used 89034K, capacity 91687K, committed 92336K, reserved 335872K
  class space    used 10900K, capacity 11888K, committed 12032K, reserved 253952K
}
Event: 3078.680 GC heap before
{Heap before GC invocations=44 (full 0):
 garbage-first heap   total 262144K, used 183381K [0x00000000e0000000, 0x0000000100000000)
  region size 1024K, 12 young (12288K), 3 survivors (3072K)
 Metaspace       used 89034K, capacity 91687K, committed 92336K, reserved 335872K
  class space    used 10900K, capacity 11888K, committed 12032K, reserved 253952K
}
Event: 3078.684 GC heap after
{Heap after GC invocations=45 (full 0):
 garbage-first heap   total 262144K, used 168847K [0x00000000e0000000, 0x0000000100000000)
  region size 1024K, 1 young (1024K), 1 survivors (1024K)
 Metaspace       used 89034K, capacity 91687K, committed 92336K, reserved 335872K
  class space    used 10900K, capacity 11888K, committed 12032K, reserved 253952K
}
Event: 3078.802 GC heap before
{Heap before GC invocations=45 (full 0):
 garbage-first heap   total 262144K, used 222095K [0x00000000e0000000, 0x0000000100000000)
  region size 1024K, 53 young (54272K), 1 survivors (1024K)
 Metaspace       used 89037K, capacity 91687K, committed 92336K, reserved 335872K
  class space    used 10900K, capacity 11888K, committed 12032K, reserved 253952K
}
Event: 3078.804 GC heap after
{Heap after GC invocations=46 (full 0):
 garbage-first heap   total 262144K, used 168535K [0x00000000e0000000, 0x0000000100000000)
  region size 1024K, 1 young (1024K), 1 survivors (1024K)
 Metaspace       used 89037K, capacity 91687K, committed 92336K, reserved 335872K
  class space    used 10900K, capacity 11888K, committed 12032K, reserved 253952K
}
Event: 3079.122 GC heap before
{Heap before GC invocations=47 (full 0):
 garbage-first heap   total 262144K, used 222807K [0x00000000e0000000, 0x0000000100000000)
  region size 1024K, 54 young (55296K), 1 survivors (1024K)
 Metaspace       used 90785K, capacity 93555K, committed 94128K, reserved 335872K
  class space    used 11155K, capacity 12175K, committed 12288K, reserved 253952K
}
Event: 3079.124 GC heap after
{Heap after GC invocations=48 (full 0):
 garbage-first heap   total 262144K, used 168942K [0x00000000e0000000, 0x0000000100000000)
  region size 1024K, 1 young (1024K), 1 survivors (1024K)
 Metaspace       used 90785K, capacity 93555K, committed 94128K, reserved 335872K
  class space    used 11155K, capacity 12175K, committed 12288K, reserved 253952K
}
Event: 3079.287 GC heap before
{Heap before GC invocations=48 (full 0):
 garbage-first heap   total 262144K, used 179182K [0x00000000e0000000, 0x0000000100000000)
  region size 1024K, 12 young (12288K), 1 survivors (1024K)
 Metaspace       used 93842K, capacity 96644K, committed 97072K, reserved 339968K
  class space    used 11547K, capacity 12560K, committed 12672K, reserved 253952K
}
Event: 3079.289 GC heap after
{Heap after GC invocations=49 (full 0):
 garbage-first heap   total 262144K, used 168923K [0x00000000e0000000, 0x0000000100000000)
  region size 1024K, 2 young (2048K), 2 survivors (2048K)
 Metaspace       used 93842K, capacity 96644K, committed 97072K, reserved 339968K
  class space    used 11547K, capacity 12560K, committed 12672K, reserved 253952K
}
Event: 3079.763 GC heap before
{Heap before GC invocations=49 (full 0):
 garbage-first heap   total 262144K, used 223195K [0x00000000e0000000, 0x0000000100000000)
  region size 1024K, 56 young (57344K), 2 survivors (2048K)
 Metaspace       used 97124K, capacity 100107K, committed 100272K, reserved 342016K
  class space    used 11914K, capacity 13014K, committed 13056K, reserved 253952K
}
Event: 3079.789 GC heap after
{Heap after GC invocations=50 (full 0):
 garbage-first heap   total 262144K, used 182133K [0x00000000e0000000, 0x0000000100000000)
  region size 1024K, 7 young (7168K), 7 survivors (7168K)
 Metaspace       used 97124K, capacity 100107K, committed 100272K, reserved 342016K
  class space    used 11914K, capacity 13014K, committed 13056K, reserved 253952K
}

